0 info it worked if it ends with ok
1 verbose cli [ 'C:\\Program Files\\nodejs\\node.exe',
1 verbose cli   'C:\\Program Files\\nodejs\\node_modules\\npm\\bin\\npm-cli.js',
1 verbose cli   'run',
1 verbose cli   'build' ]
2 info using npm@3.10.10
3 info using node@v6.9.4
4 verbose run-script [ 'prebuild', 'build', 'postbuild' ]
5 info lifecycle React-Practice-App@1.0.0~prebuild: React-Practice-App@1.0.0
6 silly lifecycle React-Practice-App@1.0.0~prebuild: no script for prebuild, continuing
7 info lifecycle React-Practice-App@1.0.0~build: React-Practice-App@1.0.0
8 verbose lifecycle React-Practice-App@1.0.0~build: unsafe-perm in lifecycle true
9 verbose lifecycle React-Practice-App@1.0.0~build: PATH: C:\Program Files\nodejs\node_modules\npm\bin\node-gyp-bin;C:\Users\RPANDAY\Documents\GitHub\React-Practice-App\node_modules\.bin;C:\ProgramData\DockerDesktop\version-bin;C:\Program Files\Docker\Docker\Resources\bin;C:\ProgramData\Oracle\Java\javapath;C:\Program Files (x86)\Google\Chrome\Application;C:\Program Files (x86)\NVIDIA Corporation\PhysX\Common;C:\Program Files (x86)\Intel\iCLS Client\;C:\Program Files\Intel\iCLS Client\;C:\Windows\system32;C:\Windows;C:\Windows\System32\Wbem;C:\Windows\System32\WindowsPowerShell\v1.0\;C:\Program Files\Intel\WiFi\bin\;C:\Program Files\Common Files\Intel\WirelessCommon\;C:\Program Files (x86)\Microsoft ASP.NET\ASP.NET Web Pages\v1.0\;C:\Program Files\Microsoft SQL Server\110\Tools\Binn\;C:\Program Files (x86)\Microsoft SQL Server\100\Tools\Binn\;C:\Program Files\Microsoft SQL Server\100\Tools\Binn\;C:\Program Files\Microsoft SQL Server\100\DTS\Binn\;C:\Program Files (x86)\Microsoft SQL Server\100\Tools\Binn\VSShell\Common7\IDE\;C:\Program Files (x86)\Microsoft SQL Server\100\DTS\Binn\;C:\Program Files\Google\Google Apps Sync\;C:\Program Files\Google\Google Apps Migration\;C:\Program Files\Intel\Intel(R) Manageme;C:\WINDOWS\system32;C:\WINDOWS;C:\WINDOWS\System32\Wbem;C:\WINDOWS\System32\WindowsPowerShell\v1.0\;C:\Program Files\Microsoft SQL Server\130\Tools\Binn\;C:\Program Files\nodejs\;C:\Program Files (x86)\Windows Live\Shared;C:\Program Files (x86)\Bitvise SSH Client;C:\Program Files\PuTTY\;C:\WINDOWS\System32\OpenSSH\;C:\Program Files\dotnet\;C:\Program Files\TortoiseGit\bin;C:\Program Files\Microsoft VS Code\bin;C:\Program Files\Git\cmd;C:\Program Files (x86)\OpenVPN\bin;C:\Program Files\Microsoft\Web Platform Installer\;C:\Users\RPANDAY\AppData\Local\Programs\Python\Python37-32\Scripts\;C:\Users\RPANDAY\AppData\Local\Programs\Python\Python37-32\;C:\Program Files\Intel\WiFi\bin\;C:\Program Files\Common Files\Intel\WirelessCommon\;C:\Users\RPANDAY\AppData\Local\Microsoft\WindowsApps;C:\Program Files (x86)\Microsoft VS Code\bin;C:\Users\RPANDAY\AppData\Roaming\npm;C:\Users\RPANDAY\AppData\Local\Programs\Fiddler;C:\Users\RPANDAY\AppData\Local\Microsoft\WindowsApps;C:\Users\RPANDAY\AppData\Local\GitHubDesktop\bin;C:\Users\RPANDAY\.dotnet\tools;C:\Users\RPANDAY\AppData\Local\Programs\Python\Python36-32\python.exe;
10 verbose lifecycle React-Practice-App@1.0.0~build: CWD: C:\Users\RPANDAY\Documents\GitHub\React-Practice-App
11 silly lifecycle React-Practice-App@1.0.0~build: Args: [ '/d /s /c', 'webpack--mode production' ]
12 silly lifecycle React-Practice-App@1.0.0~build: Returned: code: 1  signal: null
13 info lifecycle React-Practice-App@1.0.0~build: Failed to exec build script
14 verbose stack Error: React-Practice-App@1.0.0 build: `webpack--mode production`
14 verbose stack Exit status 1
14 verbose stack     at EventEmitter.<anonymous> (C:\Program Files\nodejs\node_modules\npm\lib\utils\lifecycle.js:255:16)
14 verbose stack     at emitTwo (events.js:106:13)
14 verbose stack     at EventEmitter.emit (events.js:191:7)
14 verbose stack     at ChildProcess.<anonymous> (C:\Program Files\nodejs\node_modules\npm\lib\utils\spawn.js:40:14)
14 verbose stack     at emitTwo (events.js:106:13)
14 verbose stack     at ChildProcess.emit (events.js:191:7)
14 verbose stack     at maybeClose (internal/child_process.js:877:16)
14 verbose stack     at Process.ChildProcess._handle.onexit (internal/child_process.js:226:5)
15 verbose pkgid React-Practice-App@1.0.0
16 verbose cwd C:\Users\RPANDAY\Documents\GitHub\React-Practice-App
17 error Windows_NT 10.0.17134
18 error argv "C:\\Program Files\\nodejs\\node.exe" "C:\\Program Files\\nodejs\\node_modules\\npm\\bin\\npm-cli.js" "run" "build"
19 error node v6.9.4
20 error npm  v3.10.10
21 error code ELIFECYCLE
22 error React-Practice-App@1.0.0 build: `webpack--mode production`
22 error Exit status 1
23 error Failed at the React-Practice-App@1.0.0 build script 'webpack--mode production'.
23 error Make sure you have the latest version of node.js and npm installed.
23 error If you do, this is most likely a problem with the React-Practice-App package,
23 error not with npm itself.
23 error Tell the author that this fails on your system:
23 error     webpack--mode production
23 error You can get information on how to open an issue for this project with:
23 error     npm bugs React-Practice-App
23 error Or if that isn't available, you can get their info via:
23 error     npm owner ls React-Practice-App
23 error There is likely additional logging output above.
24 verbose exit [ 1, true ]
